2019.01.10 19:19:32
Имя: 423432
Телефон: fds42324
Адрес страницы: http://mvilp.local/

2019.01.10 19:25:08
Имя: 8888
Телефон: 12345678
Дополнительная информация: Услуга 1
Адрес страницы: http://mvilp.local/

2019.01.10 19:25:32
Имя: 312312
Телефон: 555555555
Дополнительная информация: Услуга 4
Адрес страницы: http://mvilp.local/

2019.01.10 21:11:27
Телефон: 654654
Адрес страницы: http://mvilp.local/#lp-fb3

2019.02.26 22:29:17
Имя: dfvvx
Телефон: dsf
Дополнительная информация: Услуга 4
Адрес страницы: http://mvilp12.local/

